{"C:\\Users\\diego\\Desktop\\programming\\self\\React\\learning\\proyects\\first_tdd\\Calculator.jsx": {"path":"C:\\Users\\diego\\Desktop\\programming\\self\\React\\learning\\proyects\\first_tdd\\Calculator.jsx","all":false,"statementMap":{"0":{"start":{"line":1,"column":0},"end":{"line":1,"column":33}},"1":{"start":{"line":2,"column":0},"end":{"line":2,"column":43}},"2":{"start":{"line":3,"column":0},"end":{"line":3,"column":0}},"3":{"start":{"line":4,"column":0},"end":{"line":4,"column":50}},"4":{"start":{"line":5,"column":0},"end":{"line":5,"column":58}},"5":{"start":{"line":6,"column":0},"end":{"line":6,"column":46}},"6":{"start":{"line":7,"column":0},"end":{"line":7,"column":28}},"7":{"start":{"line":8,"column":0},"end":{"line":8,"column":30}},"8":{"start":{"line":9,"column":0},"end":{"line":9,"column":0}},"9":{"start":{"line":10,"column":0},"end":{"line":10,"column":33}},"10":{"start":{"line":11,"column":0},"end":{"line":11,"column":40}},"11":{"start":{"line":12,"column":0},"end":{"line":12,"column":49}},"12":{"start":{"line":13,"column":0},"end":{"line":13,"column":0}},"13":{"start":{"line":14,"column":0},"end":{"line":14,"column":81}},"14":{"start":{"line":15,"column":0},"end":{"line":15,"column":0}},"15":{"start":{"line":16,"column":0},"end":{"line":16,"column":24}},"16":{"start":{"line":17,"column":0},"end":{"line":17,"column":34}},"17":{"start":{"line":18,"column":0},"end":{"line":18,"column":25}},"18":{"start":{"line":19,"column":0},"end":{"line":19,"column":3}},"19":{"start":{"line":20,"column":0},"end":{"line":20,"column":0}},"20":{"start":{"line":21,"column":0},"end":{"line":21,"column":29}},"21":{"start":{"line":22,"column":0},"end":{"line":22,"column":35}},"22":{"start":{"line":23,"column":0},"end":{"line":23,"column":46}},"23":{"start":{"line":24,"column":0},"end":{"line":24,"column":3}},"24":{"start":{"line":25,"column":0},"end":{"line":25,"column":0}},"25":{"start":{"line":26,"column":0},"end":{"line":26,"column":19}},"26":{"start":{"line":27,"column":0},"end":{"line":27,"column":33}},"27":{"start":{"line":28,"column":0},"end":{"line":28,"column":13}},"28":{"start":{"line":29,"column":0},"end":{"line":29,"column":0}},"29":{"start":{"line":30,"column":0},"end":{"line":30,"column":34}},"30":{"start":{"line":31,"column":0},"end":{"line":31,"column":44}},"31":{"start":{"line":32,"column":0},"end":{"line":32,"column":0}},"32":{"start":{"line":33,"column":0},"end":{"line":33,"column":56}},"33":{"start":{"line":34,"column":0},"end":{"line":34,"column":0}},"34":{"start":{"line":35,"column":0},"end":{"line":35,"column":27}},"35":{"start":{"line":36,"column":0},"end":{"line":36,"column":0}},"36":{"start":{"line":37,"column":0},"end":{"line":37,"column":37}},"37":{"start":{"line":38,"column":0},"end":{"line":38,"column":40}},"38":{"start":{"line":39,"column":0},"end":{"line":39,"column":26}},"39":{"start":{"line":40,"column":0},"end":{"line":40,"column":7}},"40":{"start":{"line":41,"column":0},"end":{"line":41,"column":6}},"41":{"start":{"line":42,"column":0},"end":{"line":42,"column":0}},"42":{"start":{"line":43,"column":0},"end":{"line":43,"column":28}},"43":{"start":{"line":44,"column":0},"end":{"line":44,"column":3}},"44":{"start":{"line":45,"column":0},"end":{"line":45,"column":0}},"45":{"start":{"line":46,"column":0},"end":{"line":46,"column":10}},"46":{"start":{"line":47,"column":0},"end":{"line":47,"column":13}},"47":{"start":{"line":48,"column":0},"end":{"line":48,"column":19}},"48":{"start":{"line":49,"column":0},"end":{"line":49,"column":57}},"49":{"start":{"line":50,"column":0},"end":{"line":50,"column":50}},"50":{"start":{"line":51,"column":0},"end":{"line":51,"column":23}},"51":{"start":{"line":52,"column":0},"end":{"line":52,"column":9}},"52":{"start":{"line":53,"column":0},"end":{"line":53,"column":36}},"53":{"start":{"line":54,"column":0},"end":{"line":54,"column":61}},"54":{"start":{"line":55,"column":0},"end":{"line":55,"column":91}},"55":{"start":{"line":56,"column":0},"end":{"line":56,"column":17}},"56":{"start":{"line":57,"column":0},"end":{"line":57,"column":20}},"57":{"start":{"line":58,"column":0},"end":{"line":58,"column":13}},"58":{"start":{"line":59,"column":0},"end":{"line":59,"column":13}},"59":{"start":{"line":60,"column":0},"end":{"line":60,"column":9}},"60":{"start":{"line":61,"column":0},"end":{"line":61,"column":0}},"61":{"start":{"line":62,"column":0},"end":{"line":62,"column":9}},"62":{"start":{"line":63,"column":0},"end":{"line":63,"column":48}},"63":{"start":{"line":64,"column":0},"end":{"line":64,"column":91}},"64":{"start":{"line":65,"column":0},"end":{"line":65,"column":13}},"65":{"start":{"line":66,"column":0},"end":{"line":66,"column":9}},"66":{"start":{"line":67,"column":0},"end":{"line":67,"column":0}},"67":{"start":{"line":68,"column":0},"end":{"line":68,"column":73}},"68":{"start":{"line":69,"column":0},"end":{"line":69,"column":12}},"69":{"start":{"line":70,"column":0},"end":{"line":70,"column":0}},"70":{"start":{"line":71,"column":0},"end":{"line":71,"column":14}},"71":{"start":{"line":72,"column":0},"end":{"line":72,"column":3}},"72":{"start":{"line":73,"column":0},"end":{"line":73,"column":1}}},"s":{"0":1,"1":1,"2":1,"3":1,"4":1,"5":1,"6":1,"7":1,"8":1,"9":1,"10":64,"11":64,"12":64,"13":64,"14":64,"15":64,"16":3,"17":3,"18":3,"19":64,"20":64,"21":2,"22":2,"23":2,"24":64,"25":64,"26":39,"27":64,"28":64,"29":64,"30":25,"31":0,"32":25,"33":25,"34":25,"35":25,"36":25,"37":100,"38":7,"39":7,"40":25,"41":25,"42":25,"43":25,"44":64,"45":64,"46":64,"47":64,"48":64,"49":64,"50":64,"51":64,"52":64,"53":64,"54":64,"55":64,"56":64,"57":64,"58":64,"59":64,"60":64,"61":64,"62":64,"63":64,"64":64,"65":64,"66":64,"67":64,"68":64,"69":64,"70":64,"71":64,"72":64},"branchMap":{"0":{"type":"branch","line":4,"loc":{"start":{"line":4,"column":23},"end":{"line":4,"column":24}},"locations":[{"start":{"line":4,"column":23},"end":{"line":4,"column":24}}]},"1":{"type":"branch","line":6,"loc":{"start":{"line":6,"column":26},"end":{"line":6,"column":27}},"locations":[{"start":{"line":6,"column":26},"end":{"line":6,"column":27}}]},"2":{"type":"branch","line":10,"loc":{"start":{"line":10,"column":26},"end":{"line":73,"column":1}},"locations":[{"start":{"line":10,"column":26},"end":{"line":73,"column":1}}]},"3":{"type":"branch","line":14,"loc":{"start":{"line":14,"column":27},"end":{"line":14,"column":56}},"locations":[{"start":{"line":14,"column":27},"end":{"line":14,"column":56}}]},"4":{"type":"branch","line":14,"loc":{"start":{"line":14,"column":41},"end":{"line":14,"column":56}},"locations":[{"start":{"line":14,"column":41},"end":{"line":14,"column":56}}]},"5":{"type":"branch","line":16,"loc":{"start":{"line":16,"column":17},"end":{"line":19,"column":3}},"locations":[{"start":{"line":16,"column":17},"end":{"line":19,"column":3}}]},"6":{"type":"branch","line":21,"loc":{"start":{"line":21,"column":22},"end":{"line":24,"column":3}},"locations":[{"start":{"line":21,"column":22},"end":{"line":24,"column":3}}]},"7":{"type":"branch","line":26,"loc":{"start":{"line":26,"column":12},"end":{"line":28,"column":5}},"locations":[{"start":{"line":26,"column":12},"end":{"line":28,"column":5}}]},"8":{"type":"branch","line":27,"loc":{"start":{"line":27,"column":15},"end":{"line":27,"column":33}},"locations":[{"start":{"line":27,"column":15},"end":{"line":27,"column":33}}]},"9":{"type":"branch","line":30,"loc":{"start":{"line":30,"column":27},"end":{"line":44,"column":3}},"locations":[{"start":{"line":30,"column":27},"end":{"line":44,"column":3}}]},"10":{"type":"branch","line":31,"loc":{"start":{"line":31,"column":38},"end":{"line":33,"column":10}},"locations":[{"start":{"line":31,"column":38},"end":{"line":33,"column":10}}]},"11":{"type":"branch","line":37,"loc":{"start":{"line":37,"column":23},"end":{"line":40,"column":7}},"locations":[{"start":{"line":37,"column":23},"end":{"line":40,"column":7}}]},"12":{"type":"branch","line":38,"loc":{"start":{"line":38,"column":39},"end":{"line":40,"column":7}},"locations":[{"start":{"line":38,"column":39},"end":{"line":40,"column":7}}]},"13":{"type":"branch","line":53,"loc":{"start":{"line":53,"column":22},"end":{"line":54,"column":19}},"locations":[{"start":{"line":53,"column":22},"end":{"line":54,"column":19}}]},"14":{"type":"branch","line":54,"loc":{"start":{"line":54,"column":50},"end":{"line":55,"column":24}},"locations":[{"start":{"line":54,"column":50},"end":{"line":55,"column":24}}]},"15":{"type":"branch","line":63,"loc":{"start":{"line":63,"column":28},"end":{"line":64,"column":22}},"locations":[{"start":{"line":63,"column":28},"end":{"line":64,"column":22}}]}},"b":{"0":[1],"1":[1],"2":[64],"3":[896],"4":[20],"5":[3],"6":[2],"7":[39],"8":[25],"9":[25],"10":[0],"11":[100],"12":[7],"13":[256],"14":[640],"15":[256]},"fnMap":{"0":{"name":"get","decl":{"start":{"line":4,"column":23},"end":{"line":4,"column":24}},"loc":{"start":{"line":4,"column":23},"end":{"line":4,"column":24}},"line":4},"1":{"name":"get","decl":{"start":{"line":5,"column":20},"end":{"line":5,"column":21}},"loc":{"start":{"line":5,"column":20},"end":{"line":5,"column":21}},"line":5},"2":{"name":"get","decl":{"start":{"line":6,"column":26},"end":{"line":6,"column":27}},"loc":{"start":{"line":6,"column":26},"end":{"line":6,"column":27}},"line":6},"3":{"name":"get","decl":{"start":{"line":7,"column":25},"end":{"line":7,"column":28}},"loc":{"start":{"line":7,"column":25},"end":{"line":7,"column":28}},"line":7},"4":{"name":"get","decl":{"start":{"line":8,"column":26},"end":{"line":8,"column":30}},"loc":{"start":{"line":8,"column":26},"end":{"line":8,"column":30}},"line":8},"5":{"name":"Calculator","decl":{"start":{"line":10,"column":26},"end":{"line":73,"column":1}},"loc":{"start":{"line":10,"column":26},"end":{"line":73,"column":1}},"line":10},"6":{"name":"concatInputValue","decl":{"start":{"line":14,"column":27},"end":{"line":14,"column":56}},"loc":{"start":{"line":14,"column":27},"end":{"line":14,"column":56}},"line":14},"7":{"name":"result","decl":{"start":{"line":16,"column":17},"end":{"line":19,"column":3}},"loc":{"start":{"line":16,"column":17},"end":{"line":19,"column":3}},"line":16},"8":{"name":"deleteValue","decl":{"start":{"line":21,"column":22},"end":{"line":24,"column":3}},"loc":{"start":{"line":21,"column":22},"end":{"line":24,"column":3}},"line":21},"9":{"name":"disabledEqualBtn","decl":{"start":{"line":30,"column":27},"end":{"line":44,"column":3}},"loc":{"start":{"line":30,"column":27},"end":{"line":44,"column":3}},"line":30}},"f":{"0":1,"1":0,"2":1,"3":0,"4":0,"5":64,"6":896,"7":3,"8":2,"9":25}}
,"C:\\Users\\diego\\Desktop\\programming\\self\\React\\learning\\proyects\\first_tdd\\src\\fizzbuzz.js": {"path":"C:\\Users\\diego\\Desktop\\programming\\self\\React\\learning\\proyects\\first_tdd\\src\\fizzbuzz.js","all":false,"statementMap":{"0":{"start":{"line":1,"column":0},"end":{"line":1,"column":27}},"1":{"start":{"line":2,"column":0},"end":{"line":2,"column":37}},"2":{"start":{"line":3,"column":0},"end":{"line":3,"column":76}},"3":{"start":{"line":4,"column":0},"end":{"line":4,"column":70}},"4":{"start":{"line":5,"column":0},"end":{"line":5,"column":0}},"5":{"start":{"line":6,"column":0},"end":{"line":6,"column":47}},"6":{"start":{"line":7,"column":0},"end":{"line":7,"column":0}},"7":{"start":{"line":8,"column":0},"end":{"line":8,"column":19}},"8":{"start":{"line":9,"column":0},"end":{"line":9,"column":0}},"9":{"start":{"line":10,"column":0},"end":{"line":10,"column":30}},"10":{"start":{"line":11,"column":0},"end":{"line":11,"column":37}},"11":{"start":{"line":12,"column":0},"end":{"line":12,"column":52}},"12":{"start":{"line":13,"column":0},"end":{"line":13,"column":10}},"13":{"start":{"line":14,"column":0},"end":{"line":14,"column":0}},"14":{"start":{"line":15,"column":0},"end":{"line":15,"column":42}},"15":{"start":{"line":16,"column":0},"end":{"line":16,"column":1}}},"s":{"0":1,"1":1,"2":9,"3":9,"4":9,"5":8,"6":8,"7":8,"8":8,"9":8,"10":8,"11":16,"12":16,"13":8,"14":9,"15":9},"branchMap":{"0":{"type":"branch","line":2,"loc":{"start":{"line":2,"column":25},"end":{"line":16,"column":1}},"locations":[{"start":{"line":2,"column":25},"end":{"line":16,"column":1}}]},"1":{"type":"branch","line":3,"loc":{"start":{"line":3,"column":37},"end":{"line":3,"column":76}},"locations":[{"start":{"line":3,"column":37},"end":{"line":3,"column":76}}]},"2":{"type":"branch","line":4,"loc":{"start":{"line":4,"column":31},"end":{"line":4,"column":70}},"locations":[{"start":{"line":4,"column":31},"end":{"line":4,"column":70}}]},"3":{"type":"branch","line":6,"loc":{"start":{"line":6,"column":-2},"end":{"line":15,"column":26}},"locations":[{"start":{"line":6,"column":-2},"end":{"line":15,"column":26}}]},"4":{"type":"branch","line":15,"loc":{"start":{"line":15,"column":26},"end":{"line":15,"column":34}},"locations":[{"start":{"line":15,"column":26},"end":{"line":15,"column":34}}]},"5":{"type":"branch","line":15,"loc":{"start":{"line":15,"column":35},"end":{"line":15,"column":42}},"locations":[{"start":{"line":15,"column":35},"end":{"line":15,"column":42}}]},"6":{"type":"branch","line":11,"loc":{"start":{"line":11,"column":18},"end":{"line":13,"column":10}},"locations":[{"start":{"line":11,"column":18},"end":{"line":13,"column":10}}]},"7":{"type":"branch","line":12,"loc":{"start":{"line":12,"column":39},"end":{"line":12,"column":52}},"locations":[{"start":{"line":12,"column":39},"end":{"line":12,"column":52}}]}},"b":{"0":[9],"1":[0],"2":[1],"3":[8],"4":[1],"5":[7],"6":[16],"7":[8]},"fnMap":{"0":{"name":"fizzbuzz","decl":{"start":{"line":2,"column":25},"end":{"line":16,"column":1}},"loc":{"start":{"line":2,"column":25},"end":{"line":16,"column":1}},"line":2}},"f":{"0":9}}
}
